<?xml version="1.0" encoding="UTF-8"?>
<!-- Generated by org.testng.reporters.JUnitReportReporter -->
<testsuite hostname="JC17" failures="0" tests="1" name="tests.SiginsuccessTest" time="2.738" errors="0" timestamp="2020-12-10T16:54:43 CST" skipped="0">
  <testcase classname="tests.SiginsuccessTest" name="signinsuccess" time="2.738"/>
  <system-out/>
</testsuite> <!-- tests.SiginsuccessTest -->
