<?xml version="1.0" encoding="UTF-8"?>
<!-- Generated by org.testng.reporters.JUnitReportReporter -->
<testsuite hostname="Balerion-Pc" failures="0" tests="1" name="tests.SiginsuccessTest" time="1.267" errors="0" timestamp="2020-12-10T13:28:00 CST" skipped="0">
  <testcase classname="tests.SiginsuccessTest" name="signinsuccess" time="1.267"/>
  <system-out/>
</testsuite> <!-- tests.SiginsuccessTest -->
