<?xml version="1.0" encoding="UTF-8"?>
<!-- Generated by org.testng.reporters.JUnitReportReporter -->
<testsuite hostname="JC17" failures="0" tests="1" name="tests.EmptyPassTest" time="8.521" errors="0" timestamp="2020-12-10T18:14:08 CST" skipped="0">
  <testcase classname="tests.EmptyPassTest" name="signinsuccess" time="8.521"/>
  <system-out/>
</testsuite> <!-- tests.EmptyPassTest -->
