<?xml version="1.0" encoding="UTF-8"?>
<!-- Generated by org.testng.reporters.JUnitReportReporter -->
<testsuite hostname="JC17" failures="0" tests="1" name="tests.InvalidpasswordTest" time="5.305" errors="0" timestamp="2020-12-10T17:30:01 CST" skipped="0">
  <testcase classname="tests.InvalidpasswordTest" name="signinsuccess" time="5.305"/>
  <system-out/>
</testsuite> <!-- tests.InvalidpasswordTest -->
