<?xml version="1.0" encoding="UTF-8"?>
<!-- Generated by org.testng.reporters.JUnitReportReporter -->
<testsuite hostname="JC17" failures="0" tests="1" name="tests.SiginsuccessTest" time="8.760" errors="0" timestamp="2020-12-10T17:51:05 CST" skipped="0">
  <testcase classname="tests.SiginsuccessTest" name="signinsuccess" time="8.760"/>
  <system-out/>
</testsuite> <!-- tests.SiginsuccessTest -->
