<?xml version="1.0" encoding="UTF-8"?>
<!-- Generated by org.testng.reporters.JUnitReportReporter -->
<testsuite hostname="JC17" failures="0" tests="1" name="tests.InvalidaccountTest" time="6.100" errors="0" timestamp="2020-12-10T17:20:38 CST" skipped="0">
  <testcase classname="tests.InvalidaccountTest" name="signinsuccess" time="6.100"/>
  <system-out/>
</testsuite> <!-- tests.InvalidaccountTest -->
